<?xml version="1.0" encoding="UTF-8"?>
<!-- Generated by org.testng.reporters.JUnitXMLReporter -->
<testsuite ignored="0" hostname="DESKTOP-O0KBCH5" failures="1" tests="4" name="DepositsValidations" time="15.118" errors="0" timestamp="2023-07-09T20:24:23 IST">
  <testcase classname="com.Testcase.DepositValidation" name="TC_01" time="2.735"/>
  <testcase classname="com.Testcase.DepositValidation" name="TC_02" time="2.715"/>
  <testcase classname="com.Testcase.DepositValidation" name="TC_03" time="2.637"/>
  <testcase classname="com.Testcase.DepositValidation" name="TC_04" time="2.382">
    <failure type="java.lang.AssertionError" message="expected [Please fill this field] but found [Please fill out this field.]">
      <![CDATA[java.lang.AssertionError: expected [Please fill this field] but found [Please fill out this field.]
at com.Testcase.DepositValidation.TC_04(DepositValidation.java:55)
at java.base/java.util.ArrayList.forEach(ArrayList.java:1541)
... Removed 33 stack frames]]>
    </failure>
  </testcase> <!-- TC_04 -->
</testsuite> <!-- DepositsValidations -->
