<?xml version="1.0" encoding="UTF-8"?>
<!-- Generated by org.testng.reporters.JUnitXMLReporter -->
<testsuite ignored="0" hostname="DESKTOP-O0KBCH5" failures="1" tests="4" name="WithdrawlsValidations" time="25.527" errors="0" timestamp="2023-07-09T20:24:49 IST">
  <testcase classname="com.Testcase.WithdrawlValidation" name="TC01" time="6.684"/>
  <testcase classname="com.Testcase.WithdrawlValidation" name="TC02" time="4.701"/>
  <testcase classname="com.Testcase.WithdrawlValidation" name="TC03" time="4.806"/>
  <testcase classname="com.Testcase.WithdrawlValidation" name="TC04" time="5.02">
    <failure type="java.lang.AssertionError" message="expected [Please fill this field] but found [Please fill out this field.]">
      <![CDATA[java.lang.AssertionError: expected [Please fill this field] but found [Please fill out this field.]
at com.Testcase.WithdrawlValidation.TC04(WithdrawlValidation.java:50)
at java.base/java.util.ArrayList.forEach(ArrayList.java:1541)
... Removed 33 stack frames]]>
    </failure>
  </testcase> <!-- TC04 -->
</testsuite> <!-- WithdrawlsValidations -->
